This is pdfTeX, Version 3.141592653-2.6-1.40.22 (TeX Live 2022/dev/Debian) (preloaded format=pdflatex 2024.3.17)  13 JUN 2024 17:32
entering extended mode
 \write18 enabled.
 file:line:error style messages enabled.
 %&-line parsing enabled.
**/home/odeez/eclipse-workspace/bnavale24/Version2/rapport/rapport
(/home/odeez/eclipse-workspace/bnavale24/Version2/rapport/rapport.tex
LaTeX2e <2021-11-15> patch level 1
L3 programming layer <2022-01-21> (/usr/share/texlive/texmf-dist/tex/latex/base/article.cls
Document Class: article 2021/10/04 v1.4n Standard LaTeX document class
(/usr/share/texlive/texmf-dist/tex/latex/base/size12.clo
File: size12.clo 2021/10/04 v1.4n Standard LaTeX file (size option)
)
\c@part=\count185
\c@section=\count186
\c@subsection=\count187
\c@subsubsection=\count188
\c@paragraph=\count189
\c@subparagraph=\count190
\c@figure=\count191
\c@table=\count192
\abovecaptionskip=\skip47
\belowcaptionskip=\skip48
\bibindent=\dimen138
) (/usr/share/texlive/texmf-dist/tex/latex/tools/varioref.sty
Package: varioref 2021/07/07 v1.6f package for extended references (FMi)
\c@vrcnt=\count193
) (/usr/share/texlive/texmf-dist/tex/generic/babel/babel.sty
Package: babel 2022/01/26 3.70 The Babel package
\babel@savecnt=\count194
\U@D=\dimen139
\l@unhyphenated=\language29
 (/usr/share/texlive/texmf-dist/tex/generic/babel/txtbabel.def)
\bbl@readstream=\read2
\bbl@dirlevel=\count195
 (/usr/share/texlive/texmf-dist/tex/generic/babel-french/french.ldf
Language: french 2021/07/20 v3.5m French support from the babel system
Package babel Info: Hyphen rules for 'acadian' set to \l@french
(babel)             (\language20). Reported on input line 91.
Package babel Info: Hyphen rules for 'canadien' set to \l@french
(babel)             (\language20). Reported on input line 92.
\FB@nonchar=\count196
Package babel Info: Making : an active character on input line 430.
Package babel Info: Making ; an active character on input line 431.
Package babel Info: Making ! an active character on input line 432.
Package babel Info: Making ? an active character on input line 433.
\FBguill@level=\count197
\FBold@everypar=\toks16
\FB@Mht=\dimen140
\mc@charclass=\count198
\mc@charfam=\count199
\mc@charslot=\count266
\std@mcc=\count267
\dec@mcc=\count268
\listindentFB=\dimen141
\descindentFB=\dimen142
\labelindentFB=\dimen143
\labelwidthFB=\dimen144
\leftmarginFB=\dimen145
\parindentFFN=\dimen146
\FBfnindent=\dimen147
)) (/usr/share/texlive/texmf-dist/tex/latex/carlisle/scalefnt.sty) (/usr/share/texlive/texmf-dist/tex/latex/graphics/keyval.sty
Package: keyval 2014/10/28 v1.15 key=value parser (DPC)
\KV@toks@=\toks17
) (/usr/share/texlive/texmf-dist/tex/latex/base/fontenc.sty
Package: fontenc 2021/04/29 v2.0v Standard LaTeX package
) (/usr/share/texmf/tex/latex/lm/lmodern.sty
Package: lmodern 2009/10/30 v1.6 Latin Modern Fonts
LaTeX Font Info:    Overwriting symbol font `operators' in version `normal'
(Font)                  OT1/cmr/m/n --> OT1/lmr/m/n on input line 22.
LaTeX Font Info:    Overwriting symbol font `letters' in version `normal'
(Font)                  OML/cmm/m/it --> OML/lmm/m/it on input line 23.
LaTeX Font Info:    Overwriting symbol font `symbols' in version `normal'
(Font)                  OMS/cmsy/m/n --> OMS/lmsy/m/n on input line 24.
LaTeX Font Info:    Overwriting symbol font `largesymbols' in version `normal'
(Font)                  OMX/cmex/m/n --> OMX/lmex/m/n on input line 25.
LaTeX Font Info:    Overwriting symbol font `operators' in version `bold'
(Font)                  OT1/cmr/bx/n --> OT1/lmr/bx/n on input line 26.
LaTeX Font Info:    Overwriting symbol font `letters' in version `bold'
(Font)                  OML/cmm/b/it --> OML/lmm/b/it on input line 27.
LaTeX Font Info:    Overwriting symbol font `symbols' in version `bold'
(Font)                  OMS/cmsy/b/n --> OMS/lmsy/b/n on input line 28.
LaTeX Font Info:    Overwriting symbol font `largesymbols' in version `bold'
(Font)                  OMX/cmex/m/n --> OMX/lmex/m/n on input line 29.
LaTeX Font Info:    Overwriting math alphabet `\mathbf' in version `normal'
(Font)                  OT1/cmr/bx/n --> OT1/lmr/bx/n on input line 31.
LaTeX Font Info:    Overwriting math alphabet `\mathsf' in version `normal'
(Font)                  OT1/cmss/m/n --> OT1/lmss/m/n on input line 32.
LaTeX Font Info:    Overwriting math alphabet `\mathit' in version `normal'
(Font)                  OT1/cmr/m/it --> OT1/lmr/m/it on input line 33.
LaTeX Font Info:    Overwriting math alphabet `\mathtt' in version `normal'
(Font)                  OT1/cmtt/m/n --> OT1/lmtt/m/n on input line 34.
LaTeX Font Info:    Overwriting math alphabet `\mathbf' in version `bold'
(Font)                  OT1/cmr/bx/n --> OT1/lmr/bx/n on input line 35.
LaTeX Font Info:    Overwriting math alphabet `\mathsf' in version `bold'
(Font)                  OT1/cmss/bx/n --> OT1/lmss/bx/n on input line 36.
LaTeX Font Info:    Overwriting math alphabet `\mathit' in version `bold'
(Font)                  OT1/cmr/bx/it --> OT1/lmr/bx/it on input line 37.
LaTeX Font Info:    Overwriting math alphabet `\mathtt' in version `bold'
(Font)                  OT1/cmtt/m/n --> OT1/lmtt/m/n on input line 38.
) (/usr/share/texlive/texmf-dist/tex/latex/graphics/graphicx.sty
Package: graphicx 2021/09/16 v1.2d Enhanced LaTeX Graphics (DPC,SPQR)
 (/usr/share/texlive/texmf-dist/tex/latex/graphics/graphics.sty
Package: graphics 2021/03/04 v1.4d Standard LaTeX Graphics (DPC,SPQR)
 (/usr/share/texlive/texmf-dist/tex/latex/graphics/trig.sty
Package: trig 2021/08/11 v1.11 sin cos tan (DPC)
) (/usr/share/texlive/texmf-dist/tex/latex/graphics-cfg/graphics.cfg
File: graphics.cfg 2016/06/04 v1.11 sample graphics configuration
)
Package graphics Info: Driver file: pdftex.def on input line 107.
 (/usr/share/texlive/texmf-dist/tex/latex/graphics-def/pdftex.def
File: pdftex.def 2020/10/05 v1.2a Graphics/color driver for pdftex
))
\Gin@req@height=\dimen148
\Gin@req@width=\dimen149
) (/usr/share/texlive/texmf-dist/tex/latex/float/float.sty
Package: float 2001/11/08 v1.3d Float enhancements (AL)
\c@float@type=\count269
\float@exts=\toks18
\float@box=\box50
\@float@everytoks=\toks19
\@floatcapt=\box51
) (/usr/share/texlive/texmf-dist/tex/latex/minted/minted.sty
Package: minted 2021/12/24 v2.6 Yet another Pygments shim for LaTeX
 (/usr/share/texlive/texmf-dist/tex/latex/kvoptions/kvoptions.sty
Package: kvoptions 2020-10-07 v3.14 Key value format for package options (HO)
 (/usr/share/texlive/texmf-dist/tex/generic/ltxcmds/ltxcmds.sty
Package: ltxcmds 2020-05-10 v1.25 LaTeX kernel commands for general use (HO)
) (/usr/share/texlive/texmf-dist/tex/generic/kvsetkeys/kvsetkeys.sty
Package: kvsetkeys 2019/12/15 v1.18 Key value parser (HO)
)) (/usr/share/texlive/texmf-dist/tex/latex/fvextra/fvextra.sty
Package: fvextra 2019/02/04 v1.4 fvextra - extensions and patches for fancyvrb
 (/usr/share/texlive/texmf-dist/tex/latex/base/ifthen.sty
Package: ifthen 2020/11/24 v1.1c Standard LaTeX ifthen package (DPC)
) (/usr/share/texlive/texmf-dist/tex/latex/etoolbox/etoolbox.sty
Package: etoolbox 2020/10/05 v2.5k e-TeX tools for LaTeX (JAW)
\etb@tempcnta=\count270
) (/usr/share/texlive/texmf-dist/tex/latex/fancyvrb/fancyvrb.sty
Package: fancyvrb 2021/12/21 4.1b verbatim text (tvz,hv)
\FV@CodeLineNo=\count271
\FV@InFile=\read3
\FV@TabBox=\box52
\c@FancyVerbLine=\count272
\FV@StepNumber=\count273
\FV@OutFile=\write3
) (/usr/share/texlive/texmf-dist/tex/latex/upquote/upquote.sty
Package: upquote 2012/04/19 v1.3 upright-quote and grave-accent glyphs in verbatim
 (/usr/share/texlive/texmf-dist/tex/latex/base/textcomp.sty
Package: textcomp 2020/02/02 v2.0n Standard LaTeX package
)) (/usr/share/texlive/texmf-dist/tex/latex/lineno/lineno.sty
Package: lineno 2005/11/02 line numbers on paragraphs v4.41
\linenopenalty=\count274
\output=\toks20
\linenoprevgraf=\count275
\linenumbersep=\dimen150
\linenumberwidth=\dimen151
\c@linenumber=\count276
\c@pagewiselinenumber=\count277
\c@LN@truepage=\count278
\c@internallinenumber=\count279
\c@internallinenumbers=\count280
\quotelinenumbersep=\dimen152
\bframerule=\dimen153
\bframesep=\dimen154
\bframebox=\box53
LaTeX Info: Redefining \\ on input line 3056.
)
\c@FV@TrueTabGroupLevel=\count281
\c@FV@TrueTabCounter=\count282
\FV@TabBox@Group=\box54
\FV@TmpLength=\skip49
\c@FV@HighlightLinesStart=\count283
\c@FV@HighlightLinesStop=\count284
\FV@LoopCount=\count285
\FV@NCharsBox=\box55
\FV@BreakIndent=\dimen155
\FV@BreakIndentNChars=\count286
\FV@BreakSymbolSepLeft=\dimen156
\FV@BreakSymbolSepLeftNChars=\count287
\FV@BreakSymbolSepRight=\dimen157
\FV@BreakSymbolSepRightNChars=\count288
\FV@BreakSymbolIndentLeft=\dimen158
\FV@BreakSymbolIndentLeftNChars=\count289
\FV@BreakSymbolIndentRight=\dimen159
\FV@BreakSymbolIndentRightNChars=\count290
\c@FancyVerbLineBreakLast=\count291
\FV@LineBox=\box56
\FV@LineIndentBox=\box57
\FV@LineWidth=\dimen160
) (/usr/share/texlive/texmf-dist/tex/latex/tools/calc.sty
Package: calc 2017/05/25 v4.3 Infix arithmetic (KKT,FJ)
\calc@Acount=\count292
\calc@Bcount=\count293
\calc@Adimen=\dimen161
\calc@Bdimen=\dimen162
\calc@Askip=\skip50
\calc@Bskip=\skip51
LaTeX Info: Redefining \setlength on input line 80.
LaTeX Info: Redefining \addtolength on input line 81.
\calc@Ccount=\count294
\calc@Cskip=\skip52
) (/usr/share/texlive/texmf-dist/tex/latex/tools/shellesc.sty
Package: shellesc 2019/11/08 v1.0c unified shell escape interface for LaTeX
Package shellesc Info: Unrestricted shell escape enabled on input line 75.
) (/usr/share/texlive/texmf-dist/tex/latex/ifplatform/ifplatform.sty
Package: ifplatform 2017/10/13 v0.4a Testing for the operating system
 (/usr/share/texlive/texmf-dist/tex/generic/pdftexcmds/pdftexcmds.sty
Package: pdftexcmds 2020-06-27 v0.33 Utility functions of pdfTeX for LuaTeX (HO)
 (/usr/share/texlive/texmf-dist/tex/generic/infwarerr/infwarerr.sty
Package: infwarerr 2019/12/03 v1.5 Providing info/warning/error messages (HO)
) (/usr/share/texlive/texmf-dist/tex/generic/iftex/iftex.sty
Package: iftex 2020/03/06 v1.0d TeX engine tests
)
Package pdftexcmds Info: \pdf@primitive is available.
Package pdftexcmds Info: \pdf@ifprimitive is available.
Package pdftexcmds Info: \pdfdraftmode found.
) (/usr/share/texlive/texmf-dist/tex/generic/catchfile/catchfile.sty
Package: catchfile 2019/12/09 v1.8 Catch the contents of a file (HO)
 (/usr/share/texlive/texmf-dist/tex/generic/etexcmds/etexcmds.sty
Package: etexcmds 2019/12/15 v1.7 Avoid name clashes with e-TeX commands (HO)
)) (/usr/share/texlive/texmf-dist/tex/generic/iftex/ifluatex.sty
Package: ifluatex 2019/10/25 v1.5 ifluatex legacy package. Use iftex instead.
)
runsystem(uname -s > "rapport.w18")...executed.

 (./rapport.w18)
runsystem(rm -- "rapport.w18")...executed.

) (/usr/share/texlive/texmf-dist/tex/generic/xstring/xstring.sty (/usr/share/texlive/texmf-dist/tex/generic/xstring/xstring.tex
\integerpart=\count295
\decimalpart=\count296
)
Package: xstring 2021/07/21 v1.84 String manipulations (CT)
) (/usr/share/texlive/texmf-dist/tex/latex/framed/framed.sty
Package: framed 2011/10/22 v 0.96: framed or shaded text with page breaks
\OuterFrameSep=\skip53
\fb@frw=\dimen163
\fb@frh=\dimen164
\FrameRule=\dimen165
\FrameSep=\dimen166
)
\minted@appexistsfile=\read4
\minted@bgbox=\box58
\minted@code=\write4
\c@minted@FancyVerbLineTemp=\count297
\c@minted@pygmentizecounter=\count298
\@float@every@listing=\toks21
\c@listing=\count299
)
runsystem(mkdir -p _minted-rapport)...executed.

 (/usr/share/texlive/texmf-dist/tex/latex/amsmath/amsmath.sty
Package: amsmath 2021/10/15 v2.17l AMS math features
\@mathmargin=\skip54

For additional information on amsmath, use the `?' option.
(/usr/share/texlive/texmf-dist/tex/latex/amsmath/amstext.sty
Package: amstext 2021/08/26 v2.01 AMS text
 (/usr/share/texlive/texmf-dist/tex/latex/amsmath/amsgen.sty
File: amsgen.sty 1999/11/30 v2.0 generic functions
\@emptytoks=\toks22
\ex@=\dimen167
)) (/usr/share/texlive/texmf-dist/tex/latex/amsmath/amsbsy.sty
Package: amsbsy 1999/11/29 v1.2d Bold Symbols
\pmbraise@=\dimen168
) (/usr/share/texlive/texmf-dist/tex/latex/amsmath/amsopn.sty
Package: amsopn 2021/08/26 v2.02 operator names
)
\inf@bad=\count300
LaTeX Info: Redefining \frac on input line 234.
\uproot@=\count301
\leftroot@=\count302
LaTeX Info: Redefining \overline on input line 399.
\classnum@=\count303
\DOTSCASE@=\count304
LaTeX Info: Redefining \ldots on input line 496.
LaTeX Info: Redefining \dots on input line 499.
LaTeX Info: Redefining \cdots on input line 620.
\Mathstrutbox@=\box59
\strutbox@=\box60
\big@size=\dimen169
LaTeX Font Info:    Redeclaring font encoding OML on input line 743.
LaTeX Font Info:    Redeclaring font encoding OMS on input line 744.
\macc@depth=\count305
\c@MaxMatrixCols=\count306
\dotsspace@=\muskip16
\c@parentequation=\count307
\dspbrk@lvl=\count308
\tag@help=\toks23
\row@=\count309
\column@=\count310
\maxfields@=\count311
\andhelp@=\toks24
\eqnshift@=\dimen170
\alignsep@=\dimen171
\tagshift@=\dimen172
\tagwidth@=\dimen173
\totwidth@=\dimen174
\lineht@=\dimen175
\@envbody=\toks25
\multlinegap=\skip55
\multlinetaggap=\skip56
\mathdisplay@stack=\toks26
LaTeX Info: Redefining \[ on input line 2938.
LaTeX Info: Redefining \] on input line 2939.
) (/usr/share/texlive/texmf-dist/tex/latex/xcolor/xcolor.sty
Package: xcolor 2021/10/31 v2.13 LaTeX color extensions (UK)
 (/usr/share/texlive/texmf-dist/tex/latex/graphics-cfg/color.cfg
File: color.cfg 2016/01/02 v1.6 sample color configuration
)
Package xcolor Info: Driver file: pdftex.def on input line 227.
Package xcolor Info: Model `cmy' substituted by `cmy0' on input line 1352.
Package xcolor Info: Model `hsb' substituted by `rgb' on input line 1356.
Package xcolor Info: Model `RGB' extended on input line 1368.
Package xcolor Info: Model `HTML' substituted by `rgb' on input line 1370.
Package xcolor Info: Model `Hsb' substituted by `hsb' on input line 1371.
Package xcolor Info: Model `tHsb' substituted by `hsb' on input line 1372.
Package xcolor Info: Model `HSB' substituted by `hsb' on input line 1373.
Package xcolor Info: Model `Gray' substituted by `gray' on input line 1374.
Package xcolor Info: Model `wave' substituted by `hsb' on input line 1375.
)
runsystem(which pygmentize && touch rapport.aex)...executed.

runsystem(rm rapport.aex)...executed.

LaTeX Font Info:    Trying to load font information for T1+lmr on input line 10.
 (/usr/share/texmf/tex/latex/lm/t1lmr.fd
File: t1lmr.fd 2009/10/30 v1.6 Font defs for Latin Modern
) (/usr/share/texlive/texmf-dist/tex/latex/l3backend/l3backend-pdftex.def
File: l3backend-pdftex.def 2022-01-12 L3 backend support: PDF output (pdfTeX)
\l__color_backend_stack_int=\count312
\l__pdf_internal_box=\box61
) (./rapport.aux)
\openout1 = `rapport.aux'.

LaTeX Font Info:    Checking defaults for OML/cmm/m/it on input line 10.
LaTeX Font Info:    ... okay on input line 10.
LaTeX Font Info:    Checking defaults for OMS/cmsy/m/n on input line 10.
LaTeX Font Info:    ... okay on input line 10.
LaTeX Font Info:    Checking defaults for OT1/cmr/m/n on input line 10.
LaTeX Font Info:    ... okay on input line 10.
LaTeX Font Info:    Checking defaults for T1/cmr/m/n on input line 10.
LaTeX Font Info:    ... okay on input line 10.
LaTeX Font Info:    Checking defaults for TS1/cmr/m/n on input line 10.
LaTeX Font Info:    ... okay on input line 10.
LaTeX Font Info:    Checking defaults for OMX/cmex/m/n on input line 10.
LaTeX Font Info:    ... okay on input line 10.
LaTeX Font Info:    Checking defaults for U/cmr/m/n on input line 10.
LaTeX Font Info:    ... okay on input line 10.
LaTeX Info: Redefining \degres on input line 10.
LaTeX Info: Redefining \up on input line 10.
 (/usr/share/texlive/texmf-dist/tex/context/base/mkii/supp-pdf.mkii
[Loading MPS to PDF converter (version 2006.09.02).]
\scratchcounter=\count313
\scratchdimen=\dimen176
\scratchbox=\box62
\nofMPsegments=\count314
\nofMParguments=\count315
\everyMPshowfont=\toks27
\MPscratchCnt=\count316
\MPscratchDim=\dimen177
\MPnumerator=\count317
\makeMPintoPDFobject=\count318
\everyMPtoPDFconversion=\toks28
) (/usr/share/texlive/texmf-dist/tex/latex/epstopdf-pkg/epstopdf-base.sty
Package: epstopdf-base 2020-01-24 v2.11 Base part for package epstopdf
Package epstopdf-base Info: Redefining graphics rule for `.eps' on input line 485.
 (/usr/share/texlive/texmf-dist/tex/latex/latexconfig/epstopdf-sys.cfg
File: epstopdf-sys.cfg 2010/07/13 v1.3 Configuration of (r)epstopdf for TeX Live
)) [1

{/var/lib/texmf/fonts/map/pdftex/updmap/pdftex.map}] (./rapport.toc
LaTeX Font Info:    Trying to load font information for OT1+lmr on input line 3.
 (/usr/share/texmf/tex/latex/lm/ot1lmr.fd
File: ot1lmr.fd 2009/10/30 v1.6 Font defs for Latin Modern
)
LaTeX Font Info:    Trying to load font information for OML+lmm on input line 3.
 (/usr/share/texmf/tex/latex/lm/omllmm.fd
File: omllmm.fd 2009/10/30 v1.6 Font defs for Latin Modern
)
LaTeX Font Info:    Trying to load font information for OMS+lmsy on input line 3.
 (/usr/share/texmf/tex/latex/lm/omslmsy.fd
File: omslmsy.fd 2009/10/30 v1.6 Font defs for Latin Modern
)
LaTeX Font Info:    Trying to load font information for OMX+lmex on input line 3.
 (/usr/share/texmf/tex/latex/lm/omxlmex.fd
File: omxlmex.fd 2009/10/30 v1.6 Font defs for Latin Modern
)
LaTeX Font Info:    External font `lmex10' loaded for size
(Font)              <12> on input line 3.
LaTeX Font Info:    External font `lmex10' loaded for size
(Font)              <8> on input line 3.
LaTeX Font Info:    External font `lmex10' loaded for size
(Font)              <6> on input line 3.
LaTeX Font Info:    Trying to load font information for T1+lmtt on input line 15.
 (/usr/share/texmf/tex/latex/lm/t1lmtt.fd
File: t1lmtt.fd 2009/10/30 v1.6 Font defs for Latin Modern
) [1])
\tf@toc=\write5
\openout5 = `rapport.toc'.

 [2] [3]
<images/POC.png, id=22, 1555.8125pt x 1133.23375pt>
File: images/POC.png Graphic file (type png)
<use images/POC.png>
Package pdftex.def Info: images/POC.png  used on input line 182.
(pdftex.def)             Requested size: 292.5pt x 213.05142pt.
 [4] [5 <./images/POC.png>]
<images/image BN initiale/BN initial Réseau.png, id=31, 1430.34375pt x 716.6775pt>
File: images/image BN initiale/BN initial Réseau.png Graphic file (type png)
<use images/image BN initiale/BN initial Réseau.png>
Package pdftex.def Info: images/image BN initiale/BN initial Réseau.png  used on input line 229.
(pdftex.def)             Requested size: 390.0pt x 195.40831pt.
<images/image BN initiale/BN initial UML.png, id=32, 2522.42375pt x 2107.875pt>
File: images/image BN initiale/BN initial UML.png Graphic file (type png)
<use images/image BN initiale/BN initial UML.png>
Package pdftex.def Info: images/image BN initiale/BN initial UML.png  used on input line 239.
(pdftex.def)             Requested size: 390.0pt x 325.881pt.
 [6 <./images/image BN initiale/BN initial Réseau.png>]
<images/image BN initiale/image.png, id=38, 198.7425pt x 173.64874pt>
File: images/image BN initiale/image.png Graphic file (type png)
<use images/image BN initiale/image.png>
Package pdftex.def Info: images/image BN initiale/image.png  used on input line 248.
(pdftex.def)             Requested size: 128.70071pt x 112.45435pt.
<images/image BN initiale/image2.png, id=39, 644.4075pt x 781.92125pt>
File: images/image BN initiale/image2.png Graphic file (type png)
<use images/image BN initiale/image2.png>
Package pdftex.def Info: images/image BN initiale/image2.png  used on input line 254.
(pdftex.def)             Requested size: 187.19833pt x 227.14508pt.
<images/image BN initiale/image3.png, id=40, 644.4075pt x 781.92125pt>
File: images/image BN initiale/image3.png Graphic file (type png)
<use images/image BN initiale/image3.png>
Package pdftex.def Info: images/image BN initiale/image3.png  used on input line 259.
(pdftex.def)             Requested size: 187.19833pt x 227.14508pt.
 [7 <./images/image BN initiale/BN initial UML.png>]
<images/image BN initiale/image4.png, id=45, 323.2075pt x 771.88374pt>
File: images/image BN initiale/image4.png Graphic file (type png)
<use images/image BN initiale/image4.png>
Package pdftex.def Info: images/image BN initiale/image4.png  used on input line 268.
(pdftex.def)             Requested size: 187.19833pt x 447.06865pt.
<images/image BN initiale/image5.png, id=46, 321.2pt x 722.7pt>
File: images/image BN initiale/image5.png Graphic file (type png)
<use images/image BN initiale/image5.png>
Package pdftex.def Info: images/image BN initiale/image5.png  used on input line 274.
(pdftex.def)             Requested size: 187.19833pt x 421.20638pt.
 [8 <./images/image BN initiale/image.png> <./images/image BN initiale/image2.png> <./images/image BN initiale/image3.png>] [9 <./images/image BN initiale/image4.png> <./images/image BN initiale/image5.png>] [10] [11] [12]
<images/image BN V2/Diagramme UML V2.png, id=72, 2974.11125pt x 1968.35374pt>
File: images/image BN V2/Diagramme UML V2.png Graphic file (type png)
<use images/image BN V2/Diagramme UML V2.png>
Package pdftex.def Info: images/image BN V2/Diagramme UML V2.png  used on input line 500.
(pdftex.def)             Requested size: 390.0pt x 258.0875pt.
 [13 <./images/image BN V2/Diagramme UML V2.png>]
LaTeX Font Info:    Font shape `T1/lmtt/bx/n' in size <12> not available
(Font)              Font shape `T1/lmtt/b/n' tried instead on input line 509.
\openout3 = `rapport.pyg'.

 (./_minted-rapport/default.pygstyle) (./_minted-rapport/297E757C6253A0AFEFFAB6132E1126DF7F4503C02B2509C4CA96CB8DDA8BC394.pygtex
LaTeX Font Info:    Font shape `T1/lmtt/bx/n' in size <10.95> not available
(Font)              Font shape `T1/lmtt/b/n' tried instead on input line 2.
)
\openout3 = `rapport.pyg'.

 (./_minted-rapport/A164DC2FA4F02FD57002EE1C7DDC351F7F4503C02B2509C4CA96CB8DDA8BC394.pygtex) [14]
\openout3 = `rapport.pyg'.

 (./_minted-rapport/9BAA1079056178BCB0D56792CEF82A517F4503C02B2509C4CA96CB8DDA8BC394.pygtex) [15]
\openout3 = `rapport.pyg'.

 (./_minted-rapport/47F884D45E6B95060DE3D130176A02BD7F4503C02B2509C4CA96CB8DDA8BC394.pygtex)
\openout3 = `rapport.pyg'.

 (./_minted-rapport/8156DD957423E524A3F56B17BD9709CB7F4503C02B2509C4CA96CB8DDA8BC394.pygtex)
\openout3 = `rapport.pyg'.

 (./_minted-rapport/764A1420C0437D3CA3F65841B8B70BAC7F4503C02B2509C4CA96CB8DDA8BC394.pygtex)
\openout3 = `rapport.pyg'.

 [16] (./_minted-rapport/8156DD957423E524A3F56B17BD9709CB7F4503C02B2509C4CA96CB8DDA8BC394.pygtex)
\openout3 = `rapport.pyg'.

 (./_minted-rapport/8156DD957423E524A3F56B17BD9709CB7F4503C02B2509C4CA96CB8DDA8BC394.pygtex)
\openout3 = `rapport.pyg'.

 (./_minted-rapport/764A1420C0437D3CA3F65841B8B70BAC7F4503C02B2509C4CA96CB8DDA8BC394.pygtex)
<images/image BN V2/BN V2 Réseau.png, id=88, 1421.31pt x 828.09375pt>
File: images/image BN V2/BN V2 Réseau.png Graphic file (type png)
<use images/image BN V2/BN V2 Réseau.png>
Package pdftex.def Info: images/image BN V2/BN V2 Réseau.png  used on input line 724.
(pdftex.def)             Requested size: 390.0pt x 227.22737pt.
 [17]
<images/image BN V2/Diagramme UML Serveur.png, id=92, 1769.61125pt x 1307.88625pt>
File: images/image BN V2/Diagramme UML Serveur.png Graphic file (type png)
<use images/image BN V2/Diagramme UML Serveur.png>
Package pdftex.def Info: images/image BN V2/Diagramme UML Serveur.png  used on input line 736.
(pdftex.def)             Requested size: 390.0pt x 288.23477pt.
 [18 <./images/image BN V2/BN V2 Réseau.png>] [19 <./images/image BN V2/Diagramme UML Serveur.png>] [20] [21]
<images/image BN V2/exbateauplacé.png, id=108, 653.44125pt x 658.46pt>
File: images/image BN V2/exbateauplacé.png Graphic file (type png)
<use images/image BN V2/exbateauplacé.png>
Package pdftex.def Info: images/image BN V2/exbateauplacé.png  used on input line 895.
(pdftex.def)             Requested size: 390.0pt x 392.98923pt.
 [22]
\openout3 = `rapport.pyg'.

 (./_minted-rapport/0F5A8DD62D7453BC68275BD32AB92F897F4503C02B2509C4CA96CB8DDA8BC394.pygtex) [23 <./images/image BN V2/exbateauplacé.png>]
\openout3 = `rapport.pyg'.

 (./_minted-rapport/87282DBD101C854D71F6E356C39BEDBF7F4503C02B2509C4CA96CB8DDA8BC394.pygtex) [24]
\openout3 = `rapport.pyg'.

 (./_minted-rapport/941C27B1243EAA910A80C6BAD043CBA17F4503C02B2509C4CA96CB8DDA8BC394.pygtex)
<images/image BN V2/ship5.png, id=120, 177.0615pt x 31.5579pt>
File: images/image BN V2/ship5.png Graphic file (type png)
<use images/image BN V2/ship5.png>
Package pdftex.def Info: images/image BN V2/ship5.png  used on input line 981.
(pdftex.def)             Requested size: 187.19833pt x 33.36693pt.
<images/image BN V2/ship4.png, id=121, 260.8947pt x 39.7485pt>
File: images/image BN V2/ship4.png Graphic file (type png)
<use images/image BN V2/ship4.png>
Package pdftex.def Info: images/image BN V2/ship4.png  used on input line 985.
(pdftex.def)             Requested size: 187.19833pt x 28.52063pt.
<images/image BN V2/ship3.png, id=122, 114.1866pt x 30.1125pt>
File: images/image BN V2/ship3.png Graphic file (type png)
<use images/image BN V2/ship3.png>
Package pdftex.def Info: images/image BN V2/ship3.png  used on input line 992.
(pdftex.def)             Requested size: 187.19833pt x 49.37285pt.
<images/image BN V2/ship2.png, id=123, 137.0721pt x 32.7624pt>
File: images/image BN V2/ship2.png Graphic file (type png)
<use images/image BN V2/ship2.png>
Package pdftex.def Info: images/image BN V2/ship2.png  used on input line 996.
(pdftex.def)             Requested size: 187.19833pt x 44.74623pt.
\openout3 = `rapport.pyg'.

 [25 <./images/image BN V2/ship5.png> <./images/image BN V2/ship4.png> <./images/image BN V2/ship3.png> <./images/image BN V2/ship2.png>] (./_minted-rapport/DF758F5035F47E600B4EE2CC2744C60B7F4503C02B2509C4CA96CB8DDA8BC394.pygtex)
<images/image BN V2/startMenu.png, id=131, 508.90125pt x 394.47375pt>
File: images/image BN V2/startMenu.png Graphic file (type png)
<use images/image BN V2/startMenu.png>
Package pdftex.def Info: images/image BN V2/startMenu.png  used on input line 1028.
(pdftex.def)             Requested size: 234.00238pt x 181.3879pt.
<images/image BN V2/ShipPlacer.png, id=132, 1360.08125pt x 784.9325pt>
File: images/image BN V2/ShipPlacer.png Graphic file (type png)
<use images/image BN V2/ShipPlacer.png>
Package pdftex.def Info: images/image BN V2/ShipPlacer.png  used on input line 1043.
(pdftex.def)             Requested size: 390.0pt x 225.07347pt.
 [26 <./images/image BN V2/startMenu.png>]
<images/image BN V2/waitingScreen.png, id=137, 597.23125pt x 431.6125pt>
File: images/image BN V2/waitingScreen.png Graphic file (type png)
<use images/image BN V2/waitingScreen.png>
Package pdftex.def Info: images/image BN V2/waitingScreen.png  used on input line 1064.
(pdftex.def)             Requested size: 234.00238pt x 169.11191pt.
 [27 <./images/image BN V2/ShipPlacer.png>]
<images/image BN V2/InGameAppli.png, id=142, 1329.96875pt x 538.01pt>
File: images/image BN V2/InGameAppli.png Graphic file (type png)
<use images/image BN V2/InGameAppli.png>
Package pdftex.def Info: images/image BN V2/InGameAppli.png  used on input line 1071.
(pdftex.def)             Requested size: 390.0pt x 157.76749pt.
<images/image BN V2/DoubleTouche.png, id=143, 356.33125pt x 183.68625pt>
File: images/image BN V2/DoubleTouche.png Graphic file (type png)
<use images/image BN V2/DoubleTouche.png>
Package pdftex.def Info: images/image BN V2/DoubleTouche.png  used on input line 1083.
(pdftex.def)             Requested size: 187.19833pt x 96.49837pt.
 [28 <./images/image BN V2/waitingScreen.png> <./images/image BN V2/InGameAppli.png>]
<images/image BN V2/OppenentTurn.png, id=149, 511.9125pt x 502.87875pt>
File: images/image BN V2/OppenentTurn.png Graphic file (type png)
<use images/image BN V2/OppenentTurn.png>
Package pdftex.def Info: images/image BN V2/OppenentTurn.png  used on input line 1093.
(pdftex.def)             Requested size: 187.19833pt x 183.89067pt.
 [29 <./images/image BN V2/DoubleTouche.png> <./images/image BN V2/OppenentTurn.png>]
<images/image BN V2/WinGame.png, id=155, 357.335pt x 183.68625pt>
File: images/image BN V2/WinGame.png Graphic file (type png)
<use images/image BN V2/WinGame.png>
Package pdftex.def Info: images/image BN V2/WinGame.png  used on input line 1128.
(pdftex.def)             Requested size: 187.19833pt x 96.2293pt.
<images/image BN V2/LoseGame.png, id=156, 359.3425pt x 183.68625pt>
File: images/image BN V2/LoseGame.png Graphic file (type png)
<use images/image BN V2/LoseGame.png>
Package pdftex.def Info: images/image BN V2/LoseGame.png  used on input line 1132.
(pdftex.def)             Requested size: 187.19833pt x 95.69395pt.
\openout3 = `rapport.pyg'.

 (./_minted-rapport/2272A873673BDBBB4C7DD6EECA8D0365D82E77CF33B0E5351674FC648B18645F.pygtex) [30 <./images/image BN V2/WinGame.png> <./images/image BN V2/LoseGame.png>]
<images/image BN V2/utilstart.png, id=163, 500.87125pt x 390.45876pt>
File: images/image BN V2/utilstart.png Graphic file (type png)
<use images/image BN V2/utilstart.png>
Package pdftex.def Info: images/image BN V2/utilstart.png  used on input line 1185.
(pdftex.def)             Requested size: 187.19833pt x 145.93312pt.
<images/image BN V2/utilshipplacer.png, id=164, 1355.0625pt x 780.9175pt>
File: images/image BN V2/utilshipplacer.png Graphic file (type png)
<use images/image BN V2/utilshipplacer.png>
Package pdftex.def Info: images/image BN V2/utilshipplacer.png  used on input line 1200.
(pdftex.def)             Requested size: 390.0pt x 224.7563pt.
 [31 <./images/image BN V2/utilstart.png>]
<images/image BN V2/utilsgame.png, id=169, 1291.82625pt x 533.995pt>
File: images/image BN V2/utilsgame.png Graphic file (type png)
<use images/image BN V2/utilsgame.png>
Package pdftex.def Info: images/image BN V2/utilsgame.png  used on input line 1213.
(pdftex.def)             Requested size: 390.0pt x 161.2101pt.
File: images/image BN V2/WinGame.png Graphic file (type png)
<use images/image BN V2/WinGame.png>
Package pdftex.def Info: images/image BN V2/WinGame.png  used on input line 1224.
(pdftex.def)             Requested size: 187.19833pt x 96.2293pt.
 [32 <./images/image BN V2/utilshipplacer.png> <./images/image BN V2/utilsgame.png>] [33] [34] (./rapport.aux)
runsystem(rm rapport.pyg)...executed.

 ) 
Here is how much of TeX's memory you used:
 8900 strings out of 479704
 166148 string characters out of 5883950
 504447 words of memory out of 5000000
 26784 multiletter control sequences out of 15000+600000
 537460 words of font info for 62 fonts, out of 8000000 for 9000
 264 hyphenation exceptions out of 8191
 75i,9n,81p,1073b,593s stack positions out of 5000i,500n,10000p,200000b,80000s
{/usr/share/texmf/fonts/enc/dvips/lm/lm-ec.enc}{/usr/share/texmf/fonts/enc/dvips/lm/lm-mathit.enc}{/usr/share/texmf/fonts/enc/dvips/lm/lm-mathex.enc}{/usr/share/texmf/fonts/enc/dvips/lm/lm-rm.enc}{/usr/share/texmf/fonts/enc/dvips/lm/lm-mathsy.enc}</usr/share/texmf/fonts/type1/public/lm/lmbx12.pfb></usr/share/texmf/fonts/type1/public/lm/lmcsc10.pfb></usr/share/texmf/fonts/type1/public/lm/lmex10.pfb></usr/share/texmf/fonts/type1/public/lm/lmmi12.pfb></usr/share/texmf/fonts/type1/public/lm/lmmi8.pfb></usr/share/texmf/fonts/type1/public/lm/lmr12.pfb></usr/share/texmf/fonts/type1/public/lm/lmr8.pfb></usr/share/texmf/fonts/type1/public/lm/lmri12.pfb></usr/share/texmf/fonts/type1/public/lm/lmsy10.pfb></usr/share/texmf/fonts/type1/public/lm/lmtk10.pfb></usr/share/texmf/fonts/type1/public/lm/lmtt10.pfb></usr/share/texmf/fonts/type1/public/lm/lmtt12.pfb>
Output written on rapport.pdf (35 pages, 3105727 bytes).
PDF statistics:
 240 PDF objects out of 1000 (max. 8388607)
 122 compressed objects within 2 object streams
 0 named destinations out of 1000 (max. 500000)
 136 words of extra memory for PDF output out of 10000 (max. 10000000)

